########### array before sorts ###########
0	0.000000	29.180228	0.000000	8.510112	n
1	0.000000	8.510112	0.246701	6.636234	n
2	0.246701	6.636234	0.969991	4.890056	n
3	0.969991	4.890056	2.120580	3.390580	n
4	2.120580	3.390580	3.620056	2.239991	n
5	3.620056	2.239991	5.366233	1.516701	n
6	5.366233	1.516701	7.240113	1.270000	n
7	7.240113	1.270000	39.705225	1.270000	n
8	39.705225	1.270000	41.505253	1.506978	n
9	41.505253	1.506978	43.182612	2.201763	n
10	43.182612	2.201763	44.622994	3.307006	n
11	44.622994	3.307006	45.728237	4.747387	n
12	45.728237	4.747387	46.423022	6.424747	n
13	46.423022	6.424747	46.660000	8.224775	n
14	46.660000	8.224775	46.660000	28.501719	n
15	46.660000	28.501719	46.376561	30.654648	n
16	46.376561	30.654648	45.545562	32.660859	n
17	45.545562	32.660859	44.223632	34.383632	n
18	44.223632	34.383632	42.500859	35.705562	n
19	42.500859	35.705562	40.494648	36.536561	n
20	40.494648	36.536561	38.341719	36.820000	n
21	38.341719	36.820000	7.639772	36.820000	n
22	7.639772	36.820000	5.662453	36.559681	n
23	5.662453	36.559681	3.819886	35.796465	n
24	3.819886	35.796465	2.237637	34.582363	n
25	2.237637	34.582363	1.023535	33.000114	n
26	1.023535	33.000114	0.260319	31.157547	n
27	0.260319	31.157547	0.000000	29.180228	n
Tolerance=0.050000.
*Exact match for i=0 and j=1.
*i point 0.000000	29.180228	0.000000	8.510112	y
*Exact match for i=1 and j=2.
*i point 0.000000	8.510112	0.246701	6.636234	y
*Exact match for i=2 and j=3.
*i point 0.246701	6.636234	0.969991	4.890056	y
*Exact match for i=3 and j=4.
*i point 0.969991	4.890056	2.120580	3.390580	y
*Exact match for i=4 and j=5.
*i point 2.120580	3.390580	3.620056	2.239991	y
*Exact match for i=5 and j=6.
*i point 3.620056	2.239991	5.366233	1.516701	y
*Exact match for i=6 and j=7.
*i point 5.366233	1.516701	7.240113	1.270000	y
*Exact match for i=7 and j=8.
*i point 7.240113	1.270000	39.705225	1.270000	y
*Exact match for i=8 and j=9.
*i point 39.705225	1.270000	41.505253	1.506978	y
*Exact match for i=9 and j=10.
*i point 41.505253	1.506978	43.182612	2.201763	y
*Exact match for i=10 and j=11.
*i point 43.182612	2.201763	44.622994	3.307006	y
*Exact match for i=11 and j=12.
*i point 44.622994	3.307006	45.728237	4.747387	y
*Exact match for i=12 and j=13.
*i point 45.728237	4.747387	46.423022	6.424747	y
*Exact match for i=13 and j=14.
*i point 46.423022	6.424747	46.660000	8.224775	y
*Exact match for i=14 and j=15.
*i point 46.660000	8.224775	46.660000	28.501719	y
*Exact match for i=15 and j=16.
*i point 46.660000	28.501719	46.376561	30.654648	y
*Exact match for i=16 and j=17.
*i point 46.376561	30.654648	45.545562	32.660859	y
*Exact match for i=17 and j=18.
*i point 45.545562	32.660859	44.223632	34.383632	y
*Exact match for i=18 and j=19.
*i point 44.223632	34.383632	42.500859	35.705562	y
*Exact match for i=19 and j=20.
*i point 42.500859	35.705562	40.494648	36.536561	y
*Exact match for i=20 and j=21.
*i point 40.494648	36.536561	38.341719	36.820000	y
*Exact match for i=21 and j=22.
*i point 38.341719	36.820000	7.639772	36.820000	y
*Exact match for i=22 and j=23.
*i point 7.639772	36.820000	5.662453	36.559681	y
*Exact match for i=23 and j=24.
*i point 5.662453	36.559681	3.819886	35.796465	y
*Exact match for i=24 and j=25.
*i point 3.819886	35.796465	2.237637	34.582363	y
*Exact match for i=25 and j=26.
*i point 2.237637	34.582363	1.023535	33.000114	y
*Exact match for i=26 and j=27.
*i point 1.023535	33.000114	0.260319	31.157547	y
########### array after sorts ###########
0	0.000000	29.180228	0.000000	8.510112	y
1	0.000000	8.510112	0.246701	6.636234	y
2	0.246701	6.636234	0.969991	4.890056	y
3	0.969991	4.890056	2.120580	3.390580	y
4	2.120580	3.390580	3.620056	2.239991	y
5	3.620056	2.239991	5.366233	1.516701	y
6	5.366233	1.516701	7.240113	1.270000	y
7	7.240113	1.270000	39.705225	1.270000	y
8	39.705225	1.270000	41.505253	1.506978	y
9	41.505253	1.506978	43.182612	2.201763	y
10	43.182612	2.201763	44.622994	3.307006	y
11	44.622994	3.307006	45.728237	4.747387	y
12	45.728237	4.747387	46.423022	6.424747	y
13	46.423022	6.424747	46.660000	8.224775	y
14	46.660000	8.224775	46.660000	28.501719	y
15	46.660000	28.501719	46.376561	30.654648	y
16	46.376561	30.654648	45.545562	32.660859	y
17	45.545562	32.660859	44.223632	34.383632	y
18	44.223632	34.383632	42.500859	35.705562	y
19	42.500859	35.705562	40.494648	36.536561	y
20	40.494648	36.536561	38.341719	36.820000	y
21	38.341719	36.820000	7.639772	36.820000	y
22	7.639772	36.820000	5.662453	36.559681	y
23	5.662453	36.559681	3.819886	35.796465	y
24	3.819886	35.796465	2.237637	34.582363	y
25	2.237637	34.582363	1.023535	33.000114	y
26	1.023535	33.000114	0.260319	31.157547	y
27	0.260319	31.157547	0.000000	29.180228	y
***************
.BOARD_OUTLINE UNOWNED
1.6
0     0.000000     29.180228     0
0     0.000000     8.510112     0
0     0.246701     6.636234     0
0     0.969991     4.890056     0
0     2.120580     3.390580     0
0     3.620056     2.239991     0
0     5.366233     1.516701     0
0     7.240113     1.270000     0
0     39.705225     1.270000     0
0     41.505253     1.506978     0
0     43.182612     2.201763     0
0     44.622994     3.307006     0
0     45.728237     4.747387     0
0     46.423022     6.424747     0
0     46.660000     8.224775     0
0     46.660000     28.501719     0
0     46.376561     30.654648     0
0     45.545562     32.660859     0
0     44.223632     34.383632     0
0     42.500859     35.705562     0
0     40.494648     36.536561     0
0     38.341719     36.820000     0
0     7.639772     36.820000     0
0     5.662453     36.559681     0
0     3.819886     35.796465     0
0     2.237637     34.582363     0
0     1.023535     33.000114     0
0     0.260319     31.157547     0
0     0.000000     29.180228     0
